<?xml version="1.0" encoding="UTF-8"?>
<testng-results ignored="0" total="1" passed="1" failed="0" skipped="0">
  <reporter-output>
  </reporter-output>
  <suite started-at="2021-08-02T17:36:50 IST" name="Suite" finished-at="2021-08-02T17:36:50 IST" duration-ms="31">
    <groups>
    </groups>
    <test started-at="2021-08-02T17:36:50 IST" name="Test" finished-at="2021-08-02T17:36:50 IST" duration-ms="31">
      <class name="TestNG.Demo0">
        <test-method signature="tc()[pri:0, instance:TestNG.Demo0@69e1dd28]" started-at="2021-08-02T17:36:50 IST" name="tc" finished-at="2021-08-02T17:36:50 IST" duration-ms="6" status="PASS">
          <reporter-output>
          </reporter-output>
        </test-method> <!-- tc -->
      </class> <!-- TestNG.Demo0 -->
    </test> <!-- Test -->
  </suite> <!-- Suite -->
</testng-results>
